<?xml version="1.0" encoding="UTF-8"?>
<testsuite xmlns:xsi="http://www.w3.org/2001/XMLSchema-instance" xsi:noNamespaceSchemaLocation="https://maven.apache.org/surefire/maven-surefire-plugin/xsd/surefire-test-report.xsd" name="br.com.pizzaria.dao.FornecedorDaoImplTest" time="1.574" tests="3" errors="0" skipped="0" failures="0">
  <properties>
    <property name="sun.desktop" value="gnome"/>
    <property name="awt.toolkit" value="sun.awt.X11.XToolkit"/>
    <property name="java.specification.version" value="11"/>
    <property name="sun.cpu.isalist" value=""/>
    <property name="sun.jnu.encoding" value="UTF-8"/>
    <property name="java.class.path" value="/home/menezes/Documentos/projetos/senac/senac-pizzaria/target/test-classes:/home/menezes/Documentos/projetos/senac/senac-pizzaria/target/classes:/home/menezes/.m2/repository/com/formdev/flatlaf/2.3/flatlaf-2.3.jar:/home/menezes/.m2/repository/org/hibernate/hibernate-core/5.3.26.Final/hibernate-core-5.3.26.Final.jar:/home/menezes/.m2/repository/org/jboss/logging/jboss-logging/3.4.2.Final/jboss-logging-3.4.2.Final.jar:/home/menezes/.m2/repository/javax/persistence/javax.persistence-api/2.2/javax.persistence-api-2.2.jar:/home/menezes/.m2/repository/org/javassist/javassist/3.27.0-GA/javassist-3.27.0-GA.jar:/home/menezes/.m2/repository/net/bytebuddy/byte-buddy/1.11.12/byte-buddy-1.11.12.jar:/home/menezes/.m2/repository/antlr/antlr/2.7.7/antlr-2.7.7.jar:/home/menezes/.m2/repository/org/jboss/spec/javax/transaction/jboss-transaction-api_1.2_spec/1.1.1.Final/jboss-transaction-api_1.2_spec-1.1.1.Final.jar:/home/menezes/.m2/repository/org/jboss/jandex/2.0.5.Final/jandex-2.0.5.Final.jar:/home/menezes/.m2/repository/com/fasterxml/classmate/1.5.1/classmate-1.5.1.jar:/home/menezes/.m2/repository/javax/activation/javax.activation-api/1.2.0/javax.activation-api-1.2.0.jar:/home/menezes/.m2/repository/org/dom4j/dom4j/2.1.3/dom4j-2.1.3.jar:/home/menezes/.m2/repository/org/hibernate/common/hibernate-commons-annotations/5.0.5.Final/hibernate-commons-annotations-5.0.5.Final.jar:/home/menezes/.m2/repository/org/hibernate/hibernate-entitymanager/5.2.6.Final/hibernate-entitymanager-5.2.6.Final.jar:/home/menezes/.m2/repository/dom4j/dom4j/1.6.1/dom4j-1.6.1.jar:/home/menezes/.m2/repository/org/hibernate/javax/persistence/hibernate-jpa-2.1-api/1.0.0.Final/hibernate-jpa-2.1-api-1.0.0.Final.jar:/home/menezes/.m2/repository/org/apache/geronimo/specs/geronimo-jta_1.1_spec/1.1.1/geronimo-jta_1.1_spec-1.1.1.jar:/home/menezes/.m2/repository/mysql/mysql-connector-java/8.0.29/mysql-connector-java-8.0.29.jar:/home/menezes/.m2/repository/com/google/protobuf/protobuf-java/3.19.4/protobuf-java-3.19.4.jar:/home/menezes/.m2/repository/junit/junit/4.12/junit-4.12.jar:/home/menezes/.m2/repository/org/hamcrest/hamcrest-core/1.3/hamcrest-core-1.3.jar:/home/menezes/.m2/repository/javax/xml/bind/jaxb-api/2.3.0-b170201.1204/jaxb-api-2.3.0-b170201.1204.jar:/home/menezes/.m2/repository/javax/activation/activation/1.1/activation-1.1.jar:/home/menezes/.m2/repository/org/glassfish/jaxb/jaxb-runtime/4.0.0/jaxb-runtime-4.0.0.jar:/home/menezes/.m2/repository/org/glassfish/jaxb/jaxb-core/4.0.0/jaxb-core-4.0.0.jar:/home/menezes/.m2/repository/jakarta/xml/bind/jakarta.xml.bind-api/4.0.0/jakarta.xml.bind-api-4.0.0.jar:/home/menezes/.m2/repository/jakarta/activation/jakarta.activation-api/2.1.0/jakarta.activation-api-2.1.0.jar:/home/menezes/.m2/repository/org/eclipse/angus/angus-activation/1.0.0/angus-activation-1.0.0.jar:/home/menezes/.m2/repository/org/glassfish/jaxb/txw2/4.0.0/txw2-4.0.0.jar:/home/menezes/.m2/repository/com/sun/istack/istack-commons-runtime/4.1.1/istack-commons-runtime-4.1.1.jar:/home/menezes/.m2/repository/com/sun/jersey/jersey-client/1.18.3/jersey-client-1.18.3.jar:/home/menezes/.m2/repository/com/sun/jersey/jersey-core/1.18.3/jersey-core-1.18.3.jar:/home/menezes/.m2/repository/com/owlike/genson/1.6/genson-1.6.jar:/home/menezes/.m2/repository/javax/annotation/jsr250-api/1.0/jsr250-api-1.0.jar:/home/menezes/.m2/repository/org/glassfish/metro/webservices-rt/2.3/webservices-rt-2.3.jar:"/>
    <property name="java.vm.vendor" value="Private Build"/>
    <property name="sun.arch.data.model" value="64"/>
    <property name="java.vendor.url" value="Unknown"/>
    <property name="user.timezone" value=""/>
    <property name="java.vm.specification.version" value="11"/>
    <property name="os.name" value="Linux"/>
    <property name="sun.java.launcher" value="SUN_STANDARD"/>
    <property name="user.country" value="BR"/>
    <property name="sun.boot.library.path" value="/usr/lib/jvm/java-11-openjdk-amd64/lib"/>
    <property name="sun.java.command" value="/home/menezes/Documentos/projetos/senac/senac-pizzaria/target/surefire/surefirebooter13295099196444860337.jar /home/menezes/Documentos/projetos/senac/senac-pizzaria/target/surefire 2022-07-09T11-37-50_092-jvmRun1 surefire9739137115430849763tmp surefire_014562487842953482369tmp"/>
    <property name="jdk.debug" value="release"/>
    <property name="surefire.test.class.path" value="/home/menezes/Documentos/projetos/senac/senac-pizzaria/target/test-classes:/home/menezes/Documentos/projetos/senac/senac-pizzaria/target/classes:/home/menezes/.m2/repository/com/formdev/flatlaf/2.3/flatlaf-2.3.jar:/home/menezes/.m2/repository/org/hibernate/hibernate-core/5.3.26.Final/hibernate-core-5.3.26.Final.jar:/home/menezes/.m2/repository/org/jboss/logging/jboss-logging/3.4.2.Final/jboss-logging-3.4.2.Final.jar:/home/menezes/.m2/repository/javax/persistence/javax.persistence-api/2.2/javax.persistence-api-2.2.jar:/home/menezes/.m2/repository/org/javassist/javassist/3.27.0-GA/javassist-3.27.0-GA.jar:/home/menezes/.m2/repository/net/bytebuddy/byte-buddy/1.11.12/byte-buddy-1.11.12.jar:/home/menezes/.m2/repository/antlr/antlr/2.7.7/antlr-2.7.7.jar:/home/menezes/.m2/repository/org/jboss/spec/javax/transaction/jboss-transaction-api_1.2_spec/1.1.1.Final/jboss-transaction-api_1.2_spec-1.1.1.Final.jar:/home/menezes/.m2/repository/org/jboss/jandex/2.0.5.Final/jandex-2.0.5.Final.jar:/home/menezes/.m2/repository/com/fasterxml/classmate/1.5.1/classmate-1.5.1.jar:/home/menezes/.m2/repository/javax/activation/javax.activation-api/1.2.0/javax.activation-api-1.2.0.jar:/home/menezes/.m2/repository/org/dom4j/dom4j/2.1.3/dom4j-2.1.3.jar:/home/menezes/.m2/repository/org/hibernate/common/hibernate-commons-annotations/5.0.5.Final/hibernate-commons-annotations-5.0.5.Final.jar:/home/menezes/.m2/repository/org/hibernate/hibernate-entitymanager/5.2.6.Final/hibernate-entitymanager-5.2.6.Final.jar:/home/menezes/.m2/repository/dom4j/dom4j/1.6.1/dom4j-1.6.1.jar:/home/menezes/.m2/repository/org/hibernate/javax/persistence/hibernate-jpa-2.1-api/1.0.0.Final/hibernate-jpa-2.1-api-1.0.0.Final.jar:/home/menezes/.m2/repository/org/apache/geronimo/specs/geronimo-jta_1.1_spec/1.1.1/geronimo-jta_1.1_spec-1.1.1.jar:/home/menezes/.m2/repository/mysql/mysql-connector-java/8.0.29/mysql-connector-java-8.0.29.jar:/home/menezes/.m2/repository/com/google/protobuf/protobuf-java/3.19.4/protobuf-java-3.19.4.jar:/home/menezes/.m2/repository/junit/junit/4.12/junit-4.12.jar:/home/menezes/.m2/repository/org/hamcrest/hamcrest-core/1.3/hamcrest-core-1.3.jar:/home/menezes/.m2/repository/javax/xml/bind/jaxb-api/2.3.0-b170201.1204/jaxb-api-2.3.0-b170201.1204.jar:/home/menezes/.m2/repository/javax/activation/activation/1.1/activation-1.1.jar:/home/menezes/.m2/repository/org/glassfish/jaxb/jaxb-runtime/4.0.0/jaxb-runtime-4.0.0.jar:/home/menezes/.m2/repository/org/glassfish/jaxb/jaxb-core/4.0.0/jaxb-core-4.0.0.jar:/home/menezes/.m2/repository/jakarta/xml/bind/jakarta.xml.bind-api/4.0.0/jakarta.xml.bind-api-4.0.0.jar:/home/menezes/.m2/repository/jakarta/activation/jakarta.activation-api/2.1.0/jakarta.activation-api-2.1.0.jar:/home/menezes/.m2/repository/org/eclipse/angus/angus-activation/1.0.0/angus-activation-1.0.0.jar:/home/menezes/.m2/repository/org/glassfish/jaxb/txw2/4.0.0/txw2-4.0.0.jar:/home/menezes/.m2/repository/com/sun/istack/istack-commons-runtime/4.1.1/istack-commons-runtime-4.1.1.jar:/home/menezes/.m2/repository/com/sun/jersey/jersey-client/1.18.3/jersey-client-1.18.3.jar:/home/menezes/.m2/repository/com/sun/jersey/jersey-core/1.18.3/jersey-core-1.18.3.jar:/home/menezes/.m2/repository/com/owlike/genson/1.6/genson-1.6.jar:/home/menezes/.m2/repository/javax/annotation/jsr250-api/1.0/jsr250-api-1.0.jar:/home/menezes/.m2/repository/org/glassfish/metro/webservices-rt/2.3/webservices-rt-2.3.jar:"/>
    <property name="sun.cpu.endian" value="little"/>
    <property name="user.home" value="/home/menezes"/>
    <property name="user.language" value="pt"/>
    <property name="java.specification.vendor" value="Oracle Corporation"/>
    <property name="java.version.date" value="2022-04-19"/>
    <property name="java.home" value="/usr/lib/jvm/java-11-openjdk-amd64"/>
    <property name="file.separator" value="/"/>
    <property name="basedir" value="/home/menezes/Documentos/projetos/senac/senac-pizzaria"/>
    <property name="java.vm.compressedOopsMode" value="32-bit"/>
    <property name="line.separator" value="&#10;"/>
    <property name="java.specification.name" value="Java Platform API Specification"/>
    <property name="java.vm.specification.vendor" value="Oracle Corporation"/>
    <property name="java.awt.graphicsenv" value="sun.awt.X11GraphicsEnvironment"/>
    <property name="surefire.real.class.path" value="/home/menezes/Documentos/projetos/senac/senac-pizzaria/target/surefire/surefirebooter13295099196444860337.jar"/>
    <property name="sun.management.compiler" value="HotSpot 64-Bit Tiered Compilers"/>
    <property name="java.runtime.version" value="11.0.15+10-Ubuntu-0ubuntu0.22.04.1"/>
    <property name="user.name" value="menezes"/>
    <property name="path.separator" value=":"/>
    <property name="os.version" value="5.17.15-76051715-generic"/>
    <property name="java.runtime.name" value="OpenJDK Runtime Environment"/>
    <property name="file.encoding" value="UTF-8"/>
    <property name="java.vm.name" value="OpenJDK 64-Bit Server VM"/>
    <property name="localRepository" value="/home/menezes/.m2/repository"/>
    <property name="java.vendor.url.bug" value="Unknown"/>
    <property name="java.io.tmpdir" value="/tmp"/>
    <property name="java.version" value="11.0.15"/>
    <property name="user.dir" value="/home/menezes/Documentos/projetos/senac/senac-pizzaria"/>
    <property name="os.arch" value="amd64"/>
    <property name="java.vm.specification.name" value="Java Virtual Machine Specification"/>
    <property name="java.awt.printerjob" value="sun.print.PSPrinterJob"/>
    <property name="sun.os.patch.level" value="unknown"/>
    <property name="java.library.path" value="/usr/java/packages/lib:/usr/lib/x86_64-linux-gnu/jni:/lib/x86_64-linux-gnu:/usr/lib/x86_64-linux-gnu:/usr/lib/jni:/lib:/usr/lib"/>
    <property name="java.vm.info" value="mixed mode"/>
    <property name="java.vendor" value="Private Build"/>
    <property name="java.vm.version" value="11.0.15+10-Ubuntu-0ubuntu0.22.04.1"/>
    <property name="sun.io.unicode.encoding" value="UnicodeLittle"/>
    <property name="java.class.version" value="55.0"/>
  </properties>
  <testcase name="testExcluir" classname="br.com.pizzaria.dao.FornecedorDaoImplTest" time="0.651"/>
  <testcase name="testAlterar" classname="br.com.pizzaria.dao.FornecedorDaoImplTest" time="0.716"/>
  <testcase name="testSalvar" classname="br.com.pizzaria.dao.FornecedorDaoImplTest" time="0.196"/>
</testsuite>